<?xml version="1.0" encoding="UTF-8"?>
<Site BuildName="(empty)"
	BuildStamp="20210817-0301-Experimental"
	Name="(empty)"
	Generator="ctest-3.21.1"
	CompilerName=""
	CompilerVersion=""
	OSName="Windows"
	Hostname="Penguin"
	OSRelease=" Professional"
	OSVersion=" (Build 19042)"
	OSPlatform="AMD64"
	Is64Bits="1"
	VendorString=""
	VendorID="Unknown Manufacturer"
	FamilyID="0"
	ModelID="0"
	ProcessorCacheSize="0"
	NumberOfLogicalCPU="8"
	NumberOfPhysicalCPU="4"
	TotalVirtualMemory="18747"
	TotalPhysicalMemory="16315"
	LogicalProcessorsPerPhysical="2"
	ProcessorClockFrequency="3593"
	>
	<Testing>
		<StartDateTime>Aug 16 23:01 Eastern Daylight Time</StartDateTime>
		<StartTestTime>1629169319</StartTestTime>
		<TestList/>
		<EndDateTime>Aug 16 23:01 Eastern Daylight Time</EndDateTime>
		<EndTestTime>1629169319</EndTestTime>
		<ElapsedMinutes>0</ElapsedMinutes>
	</Testing>
</Site>
